<?xml version="1.0" encoding="UTF-8"?>
<!-- Generated by org.testng.reporters.JUnitReportReporter -->
<testsuite hostname="DESKTOP-5QCE93F" name="test.java.com.oracle.tr.test.module1.TC001_VerifyAddToBasket" tests="1" failures="0" timestamp="2 May 2017 20:49:36 GMT" time="0.016" errors="0">
  <testcase name="verifyAddToBasket" time="0.016" classname="test.java.com.oracle.tr.test.module1.TC001_VerifyAddToBasket"/>
</testsuite> <!-- test.java.com.oracle.tr.test.module1.TC001_VerifyAddToBasket -->
