<?xml version="1.0" encoding="UTF-8"?>
<!-- Generated by org.testng.reporters.JUnitReportReporter -->
<testsuite hostname="DESKTOP-5QCE93F" name="test.java.com.oracle.tr.test.HomePageTest.Dummy" tests="1" failures="0" timestamp="2 May 2017 17:43:29 GMT" time="0.000" errors="0">
  <testcase name="testLoginToautomationpractice" time="0.000" classname="test.java.com.oracle.tr.test.HomePageTest.Dummy"/>
</testsuite> <!-- test.java.com.oracle.tr.test.HomePageTest.Dummy -->
